c:\users\pisit\onedrive\เดสก์ท็อป\รวม\งาน\programing fundamental\game\gamesfml\gamesfml\debug\vc142.pdb
c:\users\pisit\onedrive\เดสก์ท็อป\รวม\งาน\programing fundamental\game\gamesfml\gamesfml\debug\vc142.idb
c:\users\pisit\onedrive\เดสก์ท็อป\รวม\งาน\programing fundamental\game\gamesfml\gamesfml\debug\source.obj
c:\users\pisit\onedrive\เดสก์ท็อป\รวม\งาน\programing fundamental\game\gamesfml\gamesfml\debug\animation.obj
c:\users\pisit\onedrive\เดสก์ท็อป\รวม\งาน\programing fundamental\game\gamesfml\gamesfml\debug\platform.obj
c:\users\pisit\onedrive\เดสก์ท็อป\รวม\งาน\programing fundamental\game\gamesfml\gamesfml\debug\collider.obj
c:\users\pisit\onedrive\เดสก์ท็อป\รวม\งาน\programing fundamental\game\gamesfml\gamesfml\debug\menu.obj
c:\users\pisit\onedrive\เดสก์ท็อป\รวม\งาน\programing fundamental\game\gamesfml\gamesfml\debug\box.obj
c:\users\pisit\onedrive\เดสก์ท็อป\รวม\งาน\programing fundamental\game\gamesfml\gamesfml\debug\player.obj
c:\users\pisit\onedrive\เดสก์ท็อป\รวม\งาน\programing fundamental\game\gamesfml\gamesfml\debug\background.obj
c:\users\pisit\onedrive\เดสก์ท็อป\รวม\งาน\programing fundamental\game\gamesfml\gamesfml\debug\alert.obj
c:\users\pisit\onedrive\เดสก์ท็อป\รวม\งาน\programing fundamental\game\gamesfml\gamesfml\debug\game.obj
c:\users\pisit\onedrive\เดสก์ท็อป\รวม\งาน\programing fundamental\game\gamesfml\debug\gamesfml.exe
c:\users\pisit\onedrive\เดสก์ท็อป\รวม\งาน\programing fundamental\game\gamesfml\gamesfml\debug\gamesfml.ilk
c:\users\pisit\onedrive\เดสก์ท็อป\รวม\งาน\programing fundamental\game\gamesfml\debug\gamesfml.pdb
c:\users\pisit\onedrive\เดสก์ท็อป\รวม\งาน\programing fundamental\game\gamesfml\gamesfml\debug\collision.obj
c:\users\pisit\onedrive\เดสก์ท็อป\รวม\งาน\programing fundamental\game\gamesfml\gamesfml\debug\source.obj.enc
c:\users\pisit\onedrive\เดสก์ท็อป\รวม\งาน\programing fundamental\game\gamesfml\gamesfml\debug\gamesfml.tlog\cl.command.1.tlog
c:\users\pisit\onedrive\เดสก์ท็อป\รวม\งาน\programing fundamental\game\gamesfml\gamesfml\debug\gamesfml.tlog\cl.read.1.tlog
c:\users\pisit\onedrive\เดสก์ท็อป\รวม\งาน\programing fundamental\game\gamesfml\gamesfml\debug\gamesfml.tlog\cl.write.1.tlog
c:\users\pisit\onedrive\เดสก์ท็อป\รวม\งาน\programing fundamental\game\gamesfml\gamesfml\debug\gamesfml.tlog\link.command.1.tlog
c:\users\pisit\onedrive\เดสก์ท็อป\รวม\งาน\programing fundamental\game\gamesfml\gamesfml\debug\gamesfml.tlog\link.read.1.tlog
c:\users\pisit\onedrive\เดสก์ท็อป\รวม\งาน\programing fundamental\game\gamesfml\gamesfml\debug\gamesfml.tlog\link.write.1.tlog
